theta: 4
epsilon: 100 rep: 0
15	2(0) <-
14	0(0) <- 2(0)
13	5(0) <- 0(0) 2(0)
33	7(0) <- 0(0) 2(0) 5(0)
97	9(0) <- 0(1) 2(0) 5(0) 7(0)
195	6(0) <- 0(1) 5(0) 7(0) 9(0)
388	4(0) <- 0(1) 6(0) 7(0)
1516	3(0) <- 2(2) 4(0) 7(0) 9(0)
1929	12(0) <- 0(1) 6(0) 7(0)
5697	14(0) <- 0(1) 4(1) 7(0) 12(0)
7414	1(0) <- 0(2) 6(0) 9(0) 12(0)
7402	8(0) <- 0(0) 6(0) 7(0)
6142	13(0) <- 4(3) 6(0) 8(0) 9(0)
5058	10(0) <- 0(3) 5(0) 6(0) 9(0) 14(0)
5972	11(0) <- 0(0) 4(2) 7(0) 14(0)
epsilon: 100 rep: 1
15	0(0) <-
14	5(0) <- 0(0)
13	7(0) <- 0(0) 5(0)
14	9(0) <- 0(0) 5(0) 7(0)
35	6(0) <- 0(1) 5(0) 7(0) 9(0)
91	4(0) <- 0(1) 6(0) 7(0)
388	3(0) <- 0(3) 4(0) 5(0) 9(0)
575	12(0) <- 0(1) 6(0) 7(0)
1929	14(0) <- 0(1) 4(1) 7(0) 12(0)
2828	1(0) <- 0(2) 6(0) 9(0) 12(0)
3258	2(0) <- 0(0) 4(1) 7(0)
7402	8(0) <- 0(0) 6(0) 7(0)
6142	13(0) <- 4(2) 6(0) 8(0)
5058	10(0) <- 0(3) 5(0) 6(0) 9(0) 14(0)
5972	11(0) <- 0(0) 4(2) 7(0) 14(0)
epsilon: 100 rep: 2
15	2(0) <-
14	0(0) <- 2(0)
13	5(0) <- 0(0) 2(0)
33	7(0) <- 0(0) 2(0) 5(0)
97	9(0) <- 0(1) 2(0) 5(0) 7(0)
195	6(0) <- 0(1) 5(0) 7(0) 9(0)
388	3(0) <- 0(1) 6(0) 7(0)
575	4(0) <- 3(0) 6(0) 9(0)
1929	12(0) <- 0(1) 6(0) 7(0)
5697	14(0) <- 0(1) 4(1) 7(0) 12(0)
7414	1(0) <- 0(2) 6(0) 9(0) 12(0)
7402	8(0) <- 0(0) 6(0) 7(0)
6142	13(0) <- 4(2) 6(0) 8(0)
5058	10(0) <- 0(3) 5(0) 6(0) 9(0) 14(0)
5972	11(0) <- 0(0) 4(2) 7(0) 14(0)
epsilon: 100 rep: 3
15	13(0) <-
14	8(0) <- 13(0)
13	6(0) <- 8(0) 13(0)
32	3(0) <- 6(0) 13(0)
54	4(0) <- 3(0) 8(0)
92	7(0) <- 3(0) 6(0) 8(0)
145	5(0) <- 4(2) 6(0) 7(0) 8(0)
220	9(0) <- 4(3) 5(0) 6(0) 7(0) 8(0)
323	0(0) <- 4(1) 5(0) 6(0)
929	12(0) <- 0(1) 6(0) 7(0)
2646	14(0) <- 0(1) 4(1) 7(0) 12(0)
3209	1(0) <- 0(2) 6(0) 9(0) 12(0)
2952	2(0) <- 0(0) 4(2) 8(0) 9(0)
5058	10(0) <- 0(3) 5(0) 6(0) 9(0) 14(0)
5972	11(0) <- 0(0) 4(2) 7(0) 14(0)
epsilon: 100 rep: 4
15	4(0) <-
14	3(0) <- 4(0)
13	6(0) <- 3(0) 4(0)
32	12(0) <- 3(0) 4(3) 6(0)
108	7(0) <- 4(1) 6(0) 12(0)
200	5(0) <- 3(0) 6(0) 7(0)
341	9(0) <- 4(2) 6(0) 7(0) 12(0)
575	0(0) <- 4(1) 5(0) 6(0)
1929	14(0) <- 0(1) 4(1) 7(0) 12(0)
2828	1(0) <- 0(0) 6(0) 9(0) 12(3) 14(0)
3258	2(0) <- 0(0) 4(1) 7(0)
7402	8(0) <- 0(0) 6(0) 7(0)
6142	13(0) <- 4(3) 6(0) 8(0) 9(0)
5058	10(0) <- 0(3) 5(0) 6(0) 9(0) 14(0)
5972	11(0) <- 0(0) 4(2) 7(0) 14(0)
epsilon: 100 rep: 5
15	14(0) <-
14	7(0) <- 14(0)
13	5(0) <- 7(0) 14(0)
12	0(0) <- 5(0) 7(0) 14(0)
35	9(0) <- 0(0) 5(0) 7(0) 14(0)
63	6(0) <- 0(0) 5(0) 9(0) 14(0)
164	4(0) <- 0(0) 6(0) 14(0)
701	3(0) <- 0(0) 4(0) 14(0)
935	12(0) <- 0(1) 6(0) 7(0)
2828	1(0) <- 0(0) 6(0) 9(0) 12(3) 14(0)
3258	2(0) <- 0(0) 4(1) 7(0)
7402	8(0) <- 0(0) 6(0) 7(0)
6142	13(0) <- 4(2) 6(0) 8(0)
5058	10(0) <- 0(2) 6(0) 7(0) 14(0)
5972	11(0) <- 0(0) 4(2) 7(0) 14(0)
epsilon: 100 rep: 6
15	6(0) <-
14	4(0) <- 6(0)
13	3(0) <- 4(0) 6(0)
32	12(0) <- 4(0) 6(0)
108	7(0) <- 4(1) 6(0) 12(0)
200	5(0) <- 3(0) 6(0) 7(0)
341	9(0) <- 4(2) 6(0) 7(0) 12(0)
575	0(0) <- 4(1) 5(0) 6(0)
1929	14(0) <- 0(1) 4(1) 7(0) 12(0)
2828	1(0) <- 0(2) 6(0) 9(0) 12(0)
3258	2(0) <- 0(0) 4(1) 7(0)
7402	8(0) <- 0(0) 6(0) 7(0)
6142	13(0) <- 4(2) 6(0) 8(0)
5058	10(0) <- 0(2) 6(0) 7(0) 14(0)
5972	11(0) <- 0(0) 4(2) 7(0) 14(0)
epsilon: 100 rep: 7
15	14(0) <-
14	7(0) <- 14(0)
13	5(0) <- 7(0) 14(0)
12	0(0) <- 5(0) 7(0) 14(0)
35	9(0) <- 0(0) 5(0) 7(0) 14(0)
63	6(0) <- 0(0) 5(0) 9(0) 14(0)
164	3(0) <- 0(0) 6(0) 14(0)
268	4(0) <- 0(2) 3(0) 7(0) 14(0)
935	12(0) <- 0(1) 6(0) 7(0)
2828	1(0) <- 0(2) 6(0) 9(0) 12(0)
3258	2(0) <- 0(0) 4(1) 7(0)
7402	8(0) <- 0(0) 6(0) 7(0)
6142	13(0) <- 4(2) 6(0) 8(0)
5058	10(0) <- 0(3) 5(0) 6(0) 9(0) 14(0)
5972	11(0) <- 0(0) 4(2) 7(0) 14(0)
epsilon: 100 rep: 8
15	9(0) <-
14	7(0) <- 9(0)
13	5(0) <- 7(0) 9(0)
12	0(0) <- 5(0) 7(0) 9(0)
35	6(0) <- 0(1) 5(0) 7(0) 9(0)
91	3(0) <- 0(1) 6(0) 7(0)
160	4(0) <- 3(0) 6(0) 9(0)
575	12(0) <- 0(1) 6(0) 7(0)
1929	14(0) <- 0(1) 4(1) 7(0) 12(0)
2828	1(0) <- 0(2) 6(0) 9(0) 12(0)
3258	2(0) <- 0(0) 4(1) 7(0)
7402	8(0) <- 0(0) 6(0) 7(0)
6142	13(0) <- 4(3) 6(0) 8(0) 9(0)
5058	10(0) <- 0(3) 5(0) 6(0) 9(0) 14(0)
5972	11(0) <- 0(0) 4(2) 7(0) 14(0)
epsilon: 100 rep: 9
15	2(0) <-
14	0(0) <- 2(0)
13	5(0) <- 0(0) 2(0)
33	7(0) <- 0(0) 2(0) 5(0)
97	9(0) <- 0(0) 2(1) 5(0) 7(0)
195	6(0) <- 0(1) 5(0) 7(0) 9(0)
388	3(0) <- 0(1) 6(0) 7(0)
575	4(0) <- 0(3) 2(3) 3(0) 7(0) 9(0)
1929	12(0) <- 0(1) 6(0) 7(0)
5697	14(0) <- 0(1) 4(1) 7(0) 12(0)
7414	1(0) <- 0(2) 6(0) 9(0) 12(0)
7402	8(0) <- 0(0) 6(0) 7(0)
6142	13(0) <- 4(2) 6(0) 8(0)
5058	10(0) <- 0(2) 6(0) 7(0) 14(0)
5972	11(0) <- 0(0) 4(2) 7(0) 14(0)

